setting 'ivy.default.settings.dir' to 'jar:file:/usr/local/Cellar/sbt/0.10.1/libexec/sbt-launch.jar!/org/apache/ivy/core/settings'
setting 'ivy.basedir' to '/Users/uli/Desktop/NumberGuesser/.'
setting 'ivy.default.conf.dir' to 'jar:file:/usr/local/Cellar/sbt/0.10.1/libexec/sbt-launch.jar!/org/apache/ivy/core/settings'
impossible to define new type: class not found: org.apache.ivy.plugins.version.PatternVersionMatcher in [] nor Ivy classloader
impossible to define new type: class not found: org.apache.ivy.plugins.trigger.LogTrigger in [] nor Ivy classloader
impossible to define new type: class not found: org.apache.ivy.plugins.resolver.DualResolver in [] nor Ivy classloader
impossible to define new type: class not found: org.apache.ivy.plugins.resolver.VsftpResolver in [] nor Ivy classloader
impossible to define new type: class not found: org.apache.ivy.plugins.conflict.RegexpConflictManager in [] nor Ivy classloader
impossible to define new type: class not found: org.apache.ivy.plugins.resolver.SshResolver in [] nor Ivy classloader
impossible to define new type: class not found: org.apache.ivy.plugins.resolver.VfsResolver in [] nor Ivy classloader
impossible to define new type: class not found: org.apache.ivy.plugins.signer.bouncycastle.OpenPGPSignatureGenerator in [] nor Ivy classloader
impossible to define new type: class not found: org.apache.ivy.plugins.resolver.SFTPResolver in [] nor Ivy classloader
impossible to define new type: class not found: org.apache.ivy.plugins.resolver.packager.PackagerResolver in [] nor Ivy classloader
impossible to define new type: class not found: org.apache.ivy.ant.AntCallTrigger in [] nor Ivy classloader
impossible to define new type: class not found: org.apache.ivy.plugins.resolver.IvyRepResolver in [] nor Ivy classloader
impossible to define new type: class not found: org.apache.ivy.ant.AntBuildTrigger in [] nor Ivy classloader
impossible to define glob matcher: org.apache.ivy.plugins.matcher.GlobPatternMatcher was not found.
setting 'java.runtime.name' to 'Java(TM) SE Runtime Environment'
setting 'sun.boot.library.path' to '/System/Library/Java/JavaVirtualMachines/1.6.0.jdk/Contents/Libraries'
setting 'java.vm.version' to '20.4-b02-402'
setting 'awt.nativeDoubleBuffering' to 'true'
setting 'gopherProxySet' to 'false'
setting 'mrj.build' to '11M3527'
setting 'java.vm.vendor' to 'Apple Inc.'
setting 'java.vendor.url' to 'http://www.apple.com/'
setting 'path.separator' to ':'
setting 'java.vm.name' to 'Java HotSpot(TM) 64-Bit Server VM'
setting 'file.encoding.pkg' to 'sun.io'
setting 'sun.java.launcher' to 'SUN_STANDARD'
setting 'user.country' to 'DE'
setting 'sun.os.patch.level' to 'unknown'
setting 'java.vm.specification.name' to 'Java Virtual Machine Specification'
setting 'user.dir' to '/Users/uli/Desktop/NumberGuesser'
setting 'java.runtime.version' to '1.6.0_29-b11-402-11M3527'
setting 'java.awt.graphicsenv' to 'apple.awt.CGraphicsEnvironment'
setting 'java.endorsed.dirs' to '/System/Library/Java/JavaVirtualMachines/1.6.0.jdk/Contents/Home/lib/endorsed'
setting 'os.arch' to 'x86_64'
setting 'java.io.tmpdir' to '/var/folders/26/v0whh64c8xj0xh0059_zmnpr0000gr/T/'
setting 'line.separator' to '
'
setting 'java.vm.specification.vendor' to 'Sun Microsystems Inc.'
setting 'os.name' to 'Mac OS X'
setting 'sun.jnu.encoding' to 'MacRoman'
setting 'java.library.path' to '/Users/uli/Applications/ImageMagick-6.4.1/lib:.:/Library/Java/Extensions:/System/Library/Java/Extensions:/usr/lib/java'
setting 'java.specification.name' to 'Java Platform API Specification'
setting 'java.class.version' to '50.0'
setting 'sun.management.compiler' to 'HotSpot 64-Bit Tiered Compilers'
setting 'os.version' to '10.7.2'
setting 'http.nonProxyHosts' to 'local|*.local|169.254/16|*.169.254/16'
setting 'user.home' to '/Users/uli'
setting 'user.timezone' to 'Europe/Berlin'
setting 'java.awt.printerjob' to 'apple.awt.CPrinterJob'
setting 'file.encoding' to 'MacRoman'
setting 'java.specification.version' to '1.6'
setting 'java.class.path' to '/usr/local/Cellar/sbt/0.10.1/libexec/sbt-launch.jar'
setting 'user.name' to 'uli'
setting 'java.vm.specification.version' to '1.0'
setting 'sun.java.command' to '/usr/local/Cellar/sbt/0.10.1/libexec/sbt-launch.jar compile'
setting 'java.home' to '/System/Library/Java/JavaVirtualMachines/1.6.0.jdk/Contents/Home'
setting 'sun.arch.data.model' to '64'
setting 'user.language' to 'de'
setting 'java.specification.vendor' to 'Sun Microsystems Inc.'
setting 'awt.toolkit' to 'apple.awt.CToolkit'
setting 'java.vm.info' to 'mixed mode'
setting 'java.version' to '1.6.0_29'
setting 'java.ext.dirs' to '/Library/Java/Extensions:/System/Library/Java/Extensions:/System/Library/Java/JavaVirtualMachines/1.6.0.jdk/Contents/Home/lib/ext'
setting 'sun.boot.class.path' to '/System/Library/Java/JavaVirtualMachines/1.6.0.jdk/Contents/Classes/jsfd.jar:/System/Library/Java/JavaVirtualMachines/1.6.0.jdk/Contents/Classes/classes.jar:/System/Library/Frameworks/JavaVM.framework/Frameworks/JavaRuntimeSupport.framework/Resources/Java/JavaRuntimeSupport.jar:/System/Library/Java/JavaVirtualMachines/1.6.0.jdk/Contents/Classes/ui.jar:/System/Library/Java/JavaVirtualMachines/1.6.0.jdk/Contents/Classes/laf.jar:/System/Library/Java/JavaVirtualMachines/1.6.0.jdk/Contents/Classes/sunrsasign.jar:/System/Library/Java/JavaVirtualMachines/1.6.0.jdk/Contents/Classes/jsse.jar:/System/Library/Java/JavaVirtualMachines/1.6.0.jdk/Contents/Classes/jce.jar:/System/Library/Java/JavaVirtualMachines/1.6.0.jdk/Contents/Classes/charsets.jar'
setting 'java.vendor' to 'Apple Inc.'
setting 'file.separator' to '/'
setting 'java.vendor.url.bug' to 'http://bugreport.apple.com/'
setting 'sun.io.unicode.encoding' to 'UnicodeLittle'
setting 'sun.cpu.endian' to 'little'
setting 'mrj.version' to '1070.1.6.0_29-402'
setting 'socksNonProxyHosts' to 'local|*.local|169.254/16|*.169.254/16'
setting 'ftp.nonProxyHosts' to 'local|*.local|169.254/16|*.169.254/16'
setting 'sun.cpu.isalist' to ''
setting 'ivy.default.ivy.user.dir' to '/Users/uli/.ivy2'
setting 'ivy.home' to '/Users/uli/.ivy2'
setting 'ivy.cache.dir' to '/Users/uli/.ivy2/cache'
no default cache defined: set to /Users/uli/.ivy2/cache
setting 'ivy.checksums' to 'sha1,md5'
setting 'ivy.basedir' to '/Users/uli/Desktop/NumberGuesser/project/boot'
setting 'basedir' to '/Users/uli/Desktop/NumberGuesser/project/boot'
setting 'scala' to '2.9.1'
:: resolving dependencies :: org.scala-tools.sbt#boot-scala;1.0
	confs: [default]
	validate = true
	refresh = false
resolving dependencies for configuration 'default'
== resolving dependencies for org.scala-tools.sbt#boot-scala;1.0 [default]
loadData of org.scala-tools.sbt#boot-scala;1.0 of rootConf=default
== resolving dependencies org.scala-tools.sbt#boot-scala;1.0->org.scala-lang#scala-compiler;2.9.1 [default->default]
loadData of org.scala-lang#scala-compiler;2.9.1 of rootConf=default
	using redefined-public to resolve org.scala-lang#scala-compiler;2.9.1
redefined-public: Checking cache for: dependency: org.scala-lang#scala-compiler;2.9.1 {default=[default, optional(default)]}
redefined-public: no namespace defined: using system
	no ivy file in cache for org.scala-lang#scala-compiler;2.9.1: tried /Users/uli/.ivy2/cache/org.scala-lang/scala-compiler/ivy-2.9.1.xml
redefined-public: no latest strategy defined: using default
local: no namespace defined: using system
	no ivy file in cache for org.scala-lang#scala-compiler;2.9.1: tried /Users/uli/.ivy2/cache/org.scala-lang/scala-compiler/ivy-2.9.1.xml
	 trying /Users/uli/.ivy2/local/org.scala-lang/scala-compiler/2.9.1/ivys/ivy.xml
		tried /Users/uli/.ivy2/local/org.scala-lang/scala-compiler/2.9.1/ivys/ivy.xml
	local: resource not reachable for org.scala-lang#scala-compiler;2.9.1: res=/Users/uli/.ivy2/local/org.scala-lang/scala-compiler/2.9.1/ivys/ivy.xml
	 trying /Users/uli/.ivy2/local/org.scala-lang/scala-compiler/2.9.1/jars/scala-compiler.jar
		tried /Users/uli/.ivy2/local/org.scala-lang/scala-compiler/2.9.1/jars/scala-compiler.jar
	local: resource not reachable for org.scala-lang#scala-compiler;2.9.1: res=/Users/uli/.ivy2/local/org.scala-lang/scala-compiler/2.9.1/jars/scala-compiler.jar
	local: no ivy file nor artifact found for org.scala-lang#scala-compiler;2.9.1
Maven2 Local: no namespace defined: using system
	no ivy file in cache for org.scala-lang#scala-compiler;2.9.1: tried /Users/uli/.ivy2/cache/org.scala-lang/scala-compiler/ivy-2.9.1.xml
	 trying file:///Users/uli/.m2/repository/org/scala-lang/scala-compiler/2.9.1/scala-compiler-2.9.1.pom
		tried file:///Users/uli/.m2/repository/org/scala-lang/scala-compiler/2.9.1/scala-compiler-2.9.1.pom
	Maven2 Local: resource not reachable for org/scala-lang#scala-compiler;2.9.1: res=file:/Users/uli/.m2/repository/org/scala-lang/scala-compiler/2.9.1/scala-compiler-2.9.1.pom
	 trying file:///Users/uli/.m2/repository/org/scala-lang/scala-compiler/2.9.1/scala-compiler-2.9.1.jar
		tried file:///Users/uli/.m2/repository/org/scala-lang/scala-compiler/2.9.1/scala-compiler-2.9.1.jar
	Maven2 Local: resource not reachable for org/scala-lang#scala-compiler;2.9.1: res=file:/Users/uli/.m2/repository/org/scala-lang/scala-compiler/2.9.1/scala-compiler-2.9.1.jar
	Maven2 Local: no ivy file nor artifact found for org.scala-lang#scala-compiler;2.9.1
typesafe-ivy-releases: no namespace defined: using system
	no ivy file in cache for org.scala-lang#scala-compiler;2.9.1: tried /Users/uli/.ivy2/cache/org.scala-lang/scala-compiler/ivy-2.9.1.xml
	 trying http://repo.typesafe.com/typesafe/ivy-releases/org.scala-lang/scala-compiler/2.9.1/ivys/ivy.xml
		tried http://repo.typesafe.com/typesafe/ivy-releases/org.scala-lang/scala-compiler/2.9.1/ivys/ivy.xml
HTTP response status: 404 url=http://repo.typesafe.com/typesafe/ivy-releases/org.scala-lang/scala-compiler/2.9.1/ivys/ivy.xml
CLIENT ERROR: Not Found url=http://repo.typesafe.com/typesafe/ivy-releases/org.scala-lang/scala-compiler/2.9.1/ivys/ivy.xml
	typesafe-ivy-releases: resource not reachable for org.scala-lang#scala-compiler;2.9.1: res=http://repo.typesafe.com/typesafe/ivy-releases/org.scala-lang/scala-compiler/2.9.1/ivys/ivy.xml
	 trying http://repo.typesafe.com/typesafe/ivy-releases/org.scala-lang/scala-compiler/2.9.1/jars/scala-compiler.jar
		tried http://repo.typesafe.com/typesafe/ivy-releases/org.scala-lang/scala-compiler/2.9.1/jars/scala-compiler.jar
HTTP response status: 404 url=http://repo.typesafe.com/typesafe/ivy-releases/org.scala-lang/scala-compiler/2.9.1/jars/scala-compiler.jar
CLIENT ERROR: Not Found url=http://repo.typesafe.com/typesafe/ivy-releases/org.scala-lang/scala-compiler/2.9.1/jars/scala-compiler.jar
	typesafe-ivy-releases: resource not reachable for org.scala-lang#scala-compiler;2.9.1: res=http://repo.typesafe.com/typesafe/ivy-releases/org.scala-lang/scala-compiler/2.9.1/jars/scala-compiler.jar
	typesafe-ivy-releases: no ivy file nor artifact found for org.scala-lang#scala-compiler;2.9.1
Maven Central: no namespace defined: using system
	no ivy file in cache for org.scala-lang#scala-compiler;2.9.1: tried /Users/uli/.ivy2/cache/org.scala-lang/scala-compiler/ivy-2.9.1.xml
	 trying http://repo1.maven.org/maven2/org/scala-lang/scala-compiler/2.9.1/scala-compiler-2.9.1.pom
		tried http://repo1.maven.org/maven2/org/scala-lang/scala-compiler/2.9.1/scala-compiler-2.9.1.pom
	Maven Central: found md file for org.scala-lang#scala-compiler;2.9.1
		=> http://repo1.maven.org/maven2/org/scala-lang/scala-compiler/2.9.1/scala-compiler-2.9.1.pom (2.9.1)
	parser = pom parser
	no ivy file in cache for org.scala-lang#scala-compiler;2.9.1: tried /Users/uli/.ivy2/cache/org.scala-lang/scala-compiler/ivy-2.9.1.xml
downloading http://repo1.maven.org/maven2/org/scala-lang/scala-compiler/2.9.1/scala-compiler-2.9.1.pom ...
	Maven Central: downloading http://repo1.maven.org/maven2/org/scala-lang/scala-compiler/2.9.1/scala-compiler-2.9.1.pom
		to /Users/uli/.ivy2/cache/org.scala-lang/scala-compiler/ivy-2.9.1.xml.original.part
sha1 file found for http://repo1.maven.org/maven2/org/scala-lang/scala-compiler/2.9.1/scala-compiler-2.9.1.pom: checking...
	Maven Central: downloading http://repo1.maven.org/maven2/org/scala-lang/scala-compiler/2.9.1/scala-compiler-2.9.1.pom.sha1
		to /var/folders/26/v0whh64c8xj0xh0059_zmnpr0000gr/T/ivytmp7959100209882872814sha1
sha1 OK for http://repo1.maven.org/maven2/org/scala-lang/scala-compiler/2.9.1/scala-compiler-2.9.1.pom
	[SUCCESSFUL ] org.scala-lang#scala-compiler;2.9.1!scala-compiler.pom(pom.original) (1002ms)
	 trying /Users/uli/.ivy2/local/org.scala-lang/scala-compiler/2.9.1/jars/scala-compiler.jar
		tried /Users/uli/.ivy2/local/org.scala-lang/scala-compiler/2.9.1/jars/scala-compiler.jar
	local: resource not reachable for org.scala-lang#scala-compiler;2.9.1: res=/Users/uli/.ivy2/local/org.scala-lang/scala-compiler/2.9.1/jars/scala-compiler.jar
	 trying file:///Users/uli/.m2/repository/org/scala-lang/scala-compiler/2.9.1/scala-compiler-2.9.1.jar
		tried file:///Users/uli/.m2/repository/org/scala-lang/scala-compiler/2.9.1/scala-compiler-2.9.1.jar
	Maven2 Local: resource not reachable for org/scala-lang#scala-compiler;2.9.1: res=file:/Users/uli/.m2/repository/org/scala-lang/scala-compiler/2.9.1/scala-compiler-2.9.1.jar
	 trying http://repo.typesafe.com/typesafe/ivy-releases/org.scala-lang/scala-compiler/2.9.1/jars/scala-compiler.jar
		tried http://repo.typesafe.com/typesafe/ivy-releases/org.scala-lang/scala-compiler/2.9.1/jars/scala-compiler.jar
	typesafe-ivy-releases: resource not reachable for org.scala-lang#scala-compiler;2.9.1: res=http://repo.typesafe.com/typesafe/ivy-releases/org.scala-lang/scala-compiler/2.9.1/jars/scala-compiler.jar
	 trying http://repo1.maven.org/maven2/org/scala-lang/scala-compiler/2.9.1/scala-compiler-2.9.1.jar
		tried http://repo1.maven.org/maven2/org/scala-lang/scala-compiler/2.9.1/scala-compiler-2.9.1.jar
no source artifact found for org.scala-lang#scala-compiler;2.9.1
no javadoc artifact found for org.scala-lang#scala-compiler;2.9.1
	default-cache: parsed downloaded md file for org.scala-lang#scala-compiler;2.9.1; parsed=org.scala-lang#scala-compiler;2.9.1
	checking org.scala-lang#scala-compiler;2.9.1 from Maven Central against [none]
	module revision kept as first found: org.scala-lang#scala-compiler;2.9.1 from Maven Central
	found org.scala-lang#scala-compiler;2.9.1 in Maven Central
== resolving dependencies org.scala-tools.sbt#boot-scala;1.0->org.scala-lang#scala-compiler;2.9.1 [default->runtime]
loadData of org.scala-lang#scala-compiler;2.9.1 of rootConf=default
== resolving dependencies org.scala-tools.sbt#boot-scala;1.0->org.scala-lang#scala-compiler;2.9.1 [default->compile]
loadData of org.scala-lang#scala-compiler;2.9.1 of rootConf=default
== resolving dependencies org.scala-lang#scala-compiler;2.9.1->org.scala-lang#scala-library;2.9.1 [compile->master(*)]
loadData of org.scala-lang#scala-library;2.9.1 of rootConf=default
	using redefined-public to resolve org.scala-lang#scala-library;2.9.1
redefined-public: Checking cache for: dependency: org.scala-lang#scala-library;2.9.1 {compile=[compile(*), master(*)], runtime=[runtime(*)]}
	no ivy file in cache for org.scala-lang#scala-library;2.9.1: tried /Users/uli/.ivy2/cache/org.scala-lang/scala-library/ivy-2.9.1.xml
	no ivy file in cache for org.scala-lang#scala-library;2.9.1: tried /Users/uli/.ivy2/cache/org.scala-lang/scala-library/ivy-2.9.1.xml
	 trying /Users/uli/.ivy2/local/org.scala-lang/scala-library/2.9.1/ivys/ivy.xml
		tried /Users/uli/.ivy2/local/org.scala-lang/scala-library/2.9.1/ivys/ivy.xml
	local: resource not reachable for org.scala-lang#scala-library;2.9.1: res=/Users/uli/.ivy2/local/org.scala-lang/scala-library/2.9.1/ivys/ivy.xml
	 trying /Users/uli/.ivy2/local/org.scala-lang/scala-library/2.9.1/jars/scala-library.jar
		tried /Users/uli/.ivy2/local/org.scala-lang/scala-library/2.9.1/jars/scala-library.jar
	local: resource not reachable for org.scala-lang#scala-library;2.9.1: res=/Users/uli/.ivy2/local/org.scala-lang/scala-library/2.9.1/jars/scala-library.jar
	local: no ivy file nor artifact found for org.scala-lang#scala-library;2.9.1
	no ivy file in cache for org.scala-lang#scala-library;2.9.1: tried /Users/uli/.ivy2/cache/org.scala-lang/scala-library/ivy-2.9.1.xml
	 trying file:///Users/uli/.m2/repository/org/scala-lang/scala-library/2.9.1/scala-library-2.9.1.pom
		tried file:///Users/uli/.m2/repository/org/scala-lang/scala-library/2.9.1/scala-library-2.9.1.pom
	Maven2 Local: resource not reachable for org/scala-lang#scala-library;2.9.1: res=file:/Users/uli/.m2/repository/org/scala-lang/scala-library/2.9.1/scala-library-2.9.1.pom
	 trying file:///Users/uli/.m2/repository/org/scala-lang/scala-library/2.9.1/scala-library-2.9.1.jar
		tried file:///Users/uli/.m2/repository/org/scala-lang/scala-library/2.9.1/scala-library-2.9.1.jar
	Maven2 Local: resource not reachable for org/scala-lang#scala-library;2.9.1: res=file:/Users/uli/.m2/repository/org/scala-lang/scala-library/2.9.1/scala-library-2.9.1.jar
	Maven2 Local: no ivy file nor artifact found for org.scala-lang#scala-library;2.9.1
	no ivy file in cache for org.scala-lang#scala-library;2.9.1: tried /Users/uli/.ivy2/cache/org.scala-lang/scala-library/ivy-2.9.1.xml
	 trying http://repo.typesafe.com/typesafe/ivy-releases/org.scala-lang/scala-library/2.9.1/ivys/ivy.xml
		tried http://repo.typesafe.com/typesafe/ivy-releases/org.scala-lang/scala-library/2.9.1/ivys/ivy.xml
HTTP response status: 404 url=http://repo.typesafe.com/typesafe/ivy-releases/org.scala-lang/scala-library/2.9.1/ivys/ivy.xml
CLIENT ERROR: Not Found url=http://repo.typesafe.com/typesafe/ivy-releases/org.scala-lang/scala-library/2.9.1/ivys/ivy.xml
	typesafe-ivy-releases: resource not reachable for org.scala-lang#scala-library;2.9.1: res=http://repo.typesafe.com/typesafe/ivy-releases/org.scala-lang/scala-library/2.9.1/ivys/ivy.xml
	 trying http://repo.typesafe.com/typesafe/ivy-releases/org.scala-lang/scala-library/2.9.1/jars/scala-library.jar
		tried http://repo.typesafe.com/typesafe/ivy-releases/org.scala-lang/scala-library/2.9.1/jars/scala-library.jar
HTTP response status: 404 url=http://repo.typesafe.com/typesafe/ivy-releases/org.scala-lang/scala-library/2.9.1/jars/scala-library.jar
CLIENT ERROR: Not Found url=http://repo.typesafe.com/typesafe/ivy-releases/org.scala-lang/scala-library/2.9.1/jars/scala-library.jar
	typesafe-ivy-releases: resource not reachable for org.scala-lang#scala-library;2.9.1: res=http://repo.typesafe.com/typesafe/ivy-releases/org.scala-lang/scala-library/2.9.1/jars/scala-library.jar
	typesafe-ivy-releases: no ivy file nor artifact found for org.scala-lang#scala-library;2.9.1
	no ivy file in cache for org.scala-lang#scala-library;2.9.1: tried /Users/uli/.ivy2/cache/org.scala-lang/scala-library/ivy-2.9.1.xml
	 trying http://repo1.maven.org/maven2/org/scala-lang/scala-library/2.9.1/scala-library-2.9.1.pom
		tried http://repo1.maven.org/maven2/org/scala-lang/scala-library/2.9.1/scala-library-2.9.1.pom
	Maven Central: found md file for org.scala-lang#scala-library;2.9.1
		=> http://repo1.maven.org/maven2/org/scala-lang/scala-library/2.9.1/scala-library-2.9.1.pom (2.9.1)
	parser = pom parser
	no ivy file in cache for org.scala-lang#scala-library;2.9.1: tried /Users/uli/.ivy2/cache/org.scala-lang/scala-library/ivy-2.9.1.xml
downloading http://repo1.maven.org/maven2/org/scala-lang/scala-library/2.9.1/scala-library-2.9.1.pom ...
	Maven Central: downloading http://repo1.maven.org/maven2/org/scala-lang/scala-library/2.9.1/scala-library-2.9.1.pom
		to /Users/uli/.ivy2/cache/org.scala-lang/scala-library/ivy-2.9.1.xml.original.part
sha1 file found for http://repo1.maven.org/maven2/org/scala-lang/scala-library/2.9.1/scala-library-2.9.1.pom: checking...
	Maven Central: downloading http://repo1.maven.org/maven2/org/scala-lang/scala-library/2.9.1/scala-library-2.9.1.pom.sha1
		to /var/folders/26/v0whh64c8xj0xh0059_zmnpr0000gr/T/ivytmp3487056474006174023sha1
sha1 OK for http://repo1.maven.org/maven2/org/scala-lang/scala-library/2.9.1/scala-library-2.9.1.pom
	[SUCCESSFUL ] org.scala-lang#scala-library;2.9.1!scala-library.pom(pom.original) (1001ms)
	 trying /Users/uli/.ivy2/local/org.scala-lang/scala-library/2.9.1/jars/scala-library.jar
		tried /Users/uli/.ivy2/local/org.scala-lang/scala-library/2.9.1/jars/scala-library.jar
	local: resource not reachable for org.scala-lang#scala-library;2.9.1: res=/Users/uli/.ivy2/local/org.scala-lang/scala-library/2.9.1/jars/scala-library.jar
	 trying file:///Users/uli/.m2/repository/org/scala-lang/scala-library/2.9.1/scala-library-2.9.1.jar
		tried file:///Users/uli/.m2/repository/org/scala-lang/scala-library/2.9.1/scala-library-2.9.1.jar
	Maven2 Local: resource not reachable for org/scala-lang#scala-library;2.9.1: res=file:/Users/uli/.m2/repository/org/scala-lang/scala-library/2.9.1/scala-library-2.9.1.jar
	 trying http://repo.typesafe.com/typesafe/ivy-releases/org.scala-lang/scala-library/2.9.1/jars/scala-library.jar
		tried http://repo.typesafe.com/typesafe/ivy-releases/org.scala-lang/scala-library/2.9.1/jars/scala-library.jar
	typesafe-ivy-releases: resource not reachable for org.scala-lang#scala-library;2.9.1: res=http://repo.typesafe.com/typesafe/ivy-releases/org.scala-lang/scala-library/2.9.1/jars/scala-library.jar
	 trying http://repo1.maven.org/maven2/org/scala-lang/scala-library/2.9.1/scala-library-2.9.1.jar
		tried http://repo1.maven.org/maven2/org/scala-lang/scala-library/2.9.1/scala-library-2.9.1.jar
no source artifact found for org.scala-lang#scala-library;2.9.1
no javadoc artifact found for org.scala-lang#scala-library;2.9.1
	default-cache: parsed downloaded md file for org.scala-lang#scala-library;2.9.1; parsed=org.scala-lang#scala-library;2.9.1
	checking org.scala-lang#scala-library;2.9.1 from Maven Central against [none]
	module revision kept as first found: org.scala-lang#scala-library;2.9.1 from Maven Central
	found org.scala-lang#scala-library;2.9.1 in Maven Central
== resolving dependencies org.scala-lang#scala-compiler;2.9.1->org.scala-lang#scala-library;2.9.1 [compile->compile(*)]
loadData of org.scala-lang#scala-library;2.9.1 of rootConf=default
== resolving dependencies org.scala-lang#scala-compiler;2.9.1->org.scala-lang#scala-library;2.9.1 [compile->default]
loadData of org.scala-lang#scala-library;2.9.1 of rootConf=default
== resolving dependencies org.scala-lang#scala-compiler;2.9.1->org.scala-lang#scala-library;2.9.1 [compile->runtime]
loadData of org.scala-lang#scala-library;2.9.1 of rootConf=default
== resolving dependencies org.scala-lang#scala-compiler;2.9.1->org.scala-lang#scala-library;2.9.1 [compile->compile]
loadData of org.scala-lang#scala-library;2.9.1 of rootConf=default
== resolving dependencies org.scala-lang#scala-compiler;2.9.1->org.scala-lang#scala-library;2.9.1 [compile->master]
loadData of org.scala-lang#scala-library;2.9.1 of rootConf=default
== resolving dependencies org.scala-lang#scala-compiler;2.9.1->org.scala-lang#scala-library;2.9.1 [runtime->runtime(*)]
loadData of org.scala-lang#scala-library;2.9.1 of rootConf=default
== resolving dependencies org.scala-lang#scala-compiler;2.9.1->org.scala-lang#scala-library;2.9.1 [runtime->compile]
loadData of org.scala-lang#scala-library;2.9.1 of rootConf=default
default is loaded and no conf to load.  Skip loading
== resolving dependencies org.scala-tools.sbt#boot-scala;1.0->org.scala-lang#scala-compiler;2.9.1 [default->master]
loadData of org.scala-lang#scala-compiler;2.9.1 of rootConf=default
== resolving dependencies org.scala-tools.sbt#boot-scala;1.0->org.scala-lang#scala-compiler;2.9.1 [default->optional(default)]
loadData of org.scala-lang#scala-compiler;2.9.1 of rootConf=default
== resolving dependencies org.scala-lang#scala-compiler;2.9.1->org.scala-lang#jline;2.9.1 [optional->master(*)]
loadData of org.scala-lang#jline;2.9.1 of rootConf=default
	using redefined-public to resolve org.scala-lang#jline;2.9.1
redefined-public: Checking cache for: dependency: org.scala-lang#jline;2.9.1 {optional=[compile(*), master(*)]}
	no ivy file in cache for org.scala-lang#jline;2.9.1: tried /Users/uli/.ivy2/cache/org.scala-lang/jline/ivy-2.9.1.xml
	no ivy file in cache for org.scala-lang#jline;2.9.1: tried /Users/uli/.ivy2/cache/org.scala-lang/jline/ivy-2.9.1.xml
	 trying /Users/uli/.ivy2/local/org.scala-lang/jline/2.9.1/ivys/ivy.xml
		tried /Users/uli/.ivy2/local/org.scala-lang/jline/2.9.1/ivys/ivy.xml
	local: resource not reachable for org.scala-lang#jline;2.9.1: res=/Users/uli/.ivy2/local/org.scala-lang/jline/2.9.1/ivys/ivy.xml
	 trying /Users/uli/.ivy2/local/org.scala-lang/jline/2.9.1/jars/jline.jar
		tried /Users/uli/.ivy2/local/org.scala-lang/jline/2.9.1/jars/jline.jar
	local: resource not reachable for org.scala-lang#jline;2.9.1: res=/Users/uli/.ivy2/local/org.scala-lang/jline/2.9.1/jars/jline.jar
	local: no ivy file nor artifact found for org.scala-lang#jline;2.9.1
	no ivy file in cache for org.scala-lang#jline;2.9.1: tried /Users/uli/.ivy2/cache/org.scala-lang/jline/ivy-2.9.1.xml
	 trying file:///Users/uli/.m2/repository/org/scala-lang/jline/2.9.1/jline-2.9.1.pom
		tried file:///Users/uli/.m2/repository/org/scala-lang/jline/2.9.1/jline-2.9.1.pom
	Maven2 Local: resource not reachable for org/scala-lang#jline;2.9.1: res=file:/Users/uli/.m2/repository/org/scala-lang/jline/2.9.1/jline-2.9.1.pom
	 trying file:///Users/uli/.m2/repository/org/scala-lang/jline/2.9.1/jline-2.9.1.jar
		tried file:///Users/uli/.m2/repository/org/scala-lang/jline/2.9.1/jline-2.9.1.jar
	Maven2 Local: resource not reachable for org/scala-lang#jline;2.9.1: res=file:/Users/uli/.m2/repository/org/scala-lang/jline/2.9.1/jline-2.9.1.jar
	Maven2 Local: no ivy file nor artifact found for org.scala-lang#jline;2.9.1
	no ivy file in cache for org.scala-lang#jline;2.9.1: tried /Users/uli/.ivy2/cache/org.scala-lang/jline/ivy-2.9.1.xml
	 trying http://repo.typesafe.com/typesafe/ivy-releases/org.scala-lang/jline/2.9.1/ivys/ivy.xml
		tried http://repo.typesafe.com/typesafe/ivy-releases/org.scala-lang/jline/2.9.1/ivys/ivy.xml
HTTP response status: 404 url=http://repo.typesafe.com/typesafe/ivy-releases/org.scala-lang/jline/2.9.1/ivys/ivy.xml
CLIENT ERROR: Not Found url=http://repo.typesafe.com/typesafe/ivy-releases/org.scala-lang/jline/2.9.1/ivys/ivy.xml
	typesafe-ivy-releases: resource not reachable for org.scala-lang#jline;2.9.1: res=http://repo.typesafe.com/typesafe/ivy-releases/org.scala-lang/jline/2.9.1/ivys/ivy.xml
	 trying http://repo.typesafe.com/typesafe/ivy-releases/org.scala-lang/jline/2.9.1/jars/jline.jar
		tried http://repo.typesafe.com/typesafe/ivy-releases/org.scala-lang/jline/2.9.1/jars/jline.jar
HTTP response status: 404 url=http://repo.typesafe.com/typesafe/ivy-releases/org.scala-lang/jline/2.9.1/jars/jline.jar
CLIENT ERROR: Not Found url=http://repo.typesafe.com/typesafe/ivy-releases/org.scala-lang/jline/2.9.1/jars/jline.jar
	typesafe-ivy-releases: resource not reachable for org.scala-lang#jline;2.9.1: res=http://repo.typesafe.com/typesafe/ivy-releases/org.scala-lang/jline/2.9.1/jars/jline.jar
	typesafe-ivy-releases: no ivy file nor artifact found for org.scala-lang#jline;2.9.1
	no ivy file in cache for org.scala-lang#jline;2.9.1: tried /Users/uli/.ivy2/cache/org.scala-lang/jline/ivy-2.9.1.xml
	 trying http://repo1.maven.org/maven2/org/scala-lang/jline/2.9.1/jline-2.9.1.pom
		tried http://repo1.maven.org/maven2/org/scala-lang/jline/2.9.1/jline-2.9.1.pom
	Maven Central: found md file for org.scala-lang#jline;2.9.1
		=> http://repo1.maven.org/maven2/org/scala-lang/jline/2.9.1/jline-2.9.1.pom (2.9.1)
	parser = pom parser
	no ivy file in cache for org.scala-lang#jline;2.9.1: tried /Users/uli/.ivy2/cache/org.scala-lang/jline/ivy-2.9.1.xml
downloading http://repo1.maven.org/maven2/org/scala-lang/jline/2.9.1/jline-2.9.1.pom ...
	Maven Central: downloading http://repo1.maven.org/maven2/org/scala-lang/jline/2.9.1/jline-2.9.1.pom
		to /Users/uli/.ivy2/cache/org.scala-lang/jline/ivy-2.9.1.xml.original.part
sha1 file found for http://repo1.maven.org/maven2/org/scala-lang/jline/2.9.1/jline-2.9.1.pom: checking...
	Maven Central: downloading http://repo1.maven.org/maven2/org/scala-lang/jline/2.9.1/jline-2.9.1.pom.sha1
		to /var/folders/26/v0whh64c8xj0xh0059_zmnpr0000gr/T/ivytmp3079063485873237262sha1
sha1 OK for http://repo1.maven.org/maven2/org/scala-lang/jline/2.9.1/jline-2.9.1.pom
	[SUCCESSFUL ] org.scala-lang#jline;2.9.1!jline.pom(pom.original) (1000ms)
	 trying /Users/uli/.ivy2/local/org.scala-lang/jline/2.9.1/jars/jline.jar
		tried /Users/uli/.ivy2/local/org.scala-lang/jline/2.9.1/jars/jline.jar
	local: resource not reachable for org.scala-lang#jline;2.9.1: res=/Users/uli/.ivy2/local/org.scala-lang/jline/2.9.1/jars/jline.jar
	 trying file:///Users/uli/.m2/repository/org/scala-lang/jline/2.9.1/jline-2.9.1.jar
		tried file:///Users/uli/.m2/repository/org/scala-lang/jline/2.9.1/jline-2.9.1.jar
	Maven2 Local: resource not reachable for org/scala-lang#jline;2.9.1: res=file:/Users/uli/.m2/repository/org/scala-lang/jline/2.9.1/jline-2.9.1.jar
	 trying http://repo.typesafe.com/typesafe/ivy-releases/org.scala-lang/jline/2.9.1/jars/jline.jar
		tried http://repo.typesafe.com/typesafe/ivy-releases/org.scala-lang/jline/2.9.1/jars/jline.jar
	typesafe-ivy-releases: resource not reachable for org.scala-lang#jline;2.9.1: res=http://repo.typesafe.com/typesafe/ivy-releases/org.scala-lang/jline/2.9.1/jars/jline.jar
	 trying http://repo1.maven.org/maven2/org/scala-lang/jline/2.9.1/jline-2.9.1.jar
		tried http://repo1.maven.org/maven2/org/scala-lang/jline/2.9.1/jline-2.9.1.jar
no source artifact found for org.scala-lang#jline;2.9.1
no javadoc artifact found for org.scala-lang#jline;2.9.1
	default-cache: parsed downloaded md file for org.scala-lang#jline;2.9.1; parsed=org.scala-lang#jline;2.9.1
	checking org.scala-lang#jline;2.9.1 from Maven Central against [none]
	module revision kept as first found: org.scala-lang#jline;2.9.1 from Maven Central
	found org.scala-lang#jline;2.9.1 in Maven Central
== resolving dependencies org.scala-lang#scala-compiler;2.9.1->org.scala-lang#jline;2.9.1 [optional->compile(*)]
loadData of org.scala-lang#jline;2.9.1 of rootConf=default
== resolving dependencies org.scala-lang#jline;2.9.1->org.fusesource.jansi#jansi;1.4 [compile->master(*)]
loadData of org.fusesource.jansi#jansi;1.4 of rootConf=default
	using redefined-public to resolve org.fusesource.jansi#jansi;1.4
redefined-public: Checking cache for: dependency: org.fusesource.jansi#jansi;1.4 {compile=[compile(*), master(*)], runtime=[runtime(*)]}
	no ivy file in cache for org.fusesource.jansi#jansi;1.4: tried /Users/uli/.ivy2/cache/org.fusesource.jansi/jansi/ivy-1.4.xml
	no ivy file in cache for org.fusesource.jansi#jansi;1.4: tried /Users/uli/.ivy2/cache/org.fusesource.jansi/jansi/ivy-1.4.xml
	 trying /Users/uli/.ivy2/local/org.fusesource.jansi/jansi/1.4/ivys/ivy.xml
		tried /Users/uli/.ivy2/local/org.fusesource.jansi/jansi/1.4/ivys/ivy.xml
	local: resource not reachable for org.fusesource.jansi#jansi;1.4: res=/Users/uli/.ivy2/local/org.fusesource.jansi/jansi/1.4/ivys/ivy.xml
	 trying /Users/uli/.ivy2/local/org.fusesource.jansi/jansi/1.4/jars/jansi.jar
		tried /Users/uli/.ivy2/local/org.fusesource.jansi/jansi/1.4/jars/jansi.jar
	local: resource not reachable for org.fusesource.jansi#jansi;1.4: res=/Users/uli/.ivy2/local/org.fusesource.jansi/jansi/1.4/jars/jansi.jar
	local: no ivy file nor artifact found for org.fusesource.jansi#jansi;1.4
	no ivy file in cache for org.fusesource.jansi#jansi;1.4: tried /Users/uli/.ivy2/cache/org.fusesource.jansi/jansi/ivy-1.4.xml
	 trying file:///Users/uli/.m2/repository/org/fusesource/jansi/jansi/1.4/jansi-1.4.pom
		tried file:///Users/uli/.m2/repository/org/fusesource/jansi/jansi/1.4/jansi-1.4.pom
	Maven2 Local: resource not reachable for org/fusesource/jansi#jansi;1.4: res=file:/Users/uli/.m2/repository/org/fusesource/jansi/jansi/1.4/jansi-1.4.pom
	 trying file:///Users/uli/.m2/repository/org/fusesource/jansi/jansi/1.4/jansi-1.4.jar
		tried file:///Users/uli/.m2/repository/org/fusesource/jansi/jansi/1.4/jansi-1.4.jar
	Maven2 Local: resource not reachable for org/fusesource/jansi#jansi;1.4: res=file:/Users/uli/.m2/repository/org/fusesource/jansi/jansi/1.4/jansi-1.4.jar
	Maven2 Local: no ivy file nor artifact found for org.fusesource.jansi#jansi;1.4
	no ivy file in cache for org.fusesource.jansi#jansi;1.4: tried /Users/uli/.ivy2/cache/org.fusesource.jansi/jansi/ivy-1.4.xml
	 trying http://repo.typesafe.com/typesafe/ivy-releases/org.fusesource.jansi/jansi/1.4/ivys/ivy.xml
		tried http://repo.typesafe.com/typesafe/ivy-releases/org.fusesource.jansi/jansi/1.4/ivys/ivy.xml
HTTP response status: 404 url=http://repo.typesafe.com/typesafe/ivy-releases/org.fusesource.jansi/jansi/1.4/ivys/ivy.xml
CLIENT ERROR: Not Found url=http://repo.typesafe.com/typesafe/ivy-releases/org.fusesource.jansi/jansi/1.4/ivys/ivy.xml
	typesafe-ivy-releases: resource not reachable for org.fusesource.jansi#jansi;1.4: res=http://repo.typesafe.com/typesafe/ivy-releases/org.fusesource.jansi/jansi/1.4/ivys/ivy.xml
	 trying http://repo.typesafe.com/typesafe/ivy-releases/org.fusesource.jansi/jansi/1.4/jars/jansi.jar
		tried http://repo.typesafe.com/typesafe/ivy-releases/org.fusesource.jansi/jansi/1.4/jars/jansi.jar
HTTP response status: 404 url=http://repo.typesafe.com/typesafe/ivy-releases/org.fusesource.jansi/jansi/1.4/jars/jansi.jar
CLIENT ERROR: Not Found url=http://repo.typesafe.com/typesafe/ivy-releases/org.fusesource.jansi/jansi/1.4/jars/jansi.jar
	typesafe-ivy-releases: resource not reachable for org.fusesource.jansi#jansi;1.4: res=http://repo.typesafe.com/typesafe/ivy-releases/org.fusesource.jansi/jansi/1.4/jars/jansi.jar
	typesafe-ivy-releases: no ivy file nor artifact found for org.fusesource.jansi#jansi;1.4
	no ivy file in cache for org.fusesource.jansi#jansi;1.4: tried /Users/uli/.ivy2/cache/org.fusesource.jansi/jansi/ivy-1.4.xml
	 trying http://repo1.maven.org/maven2/org/fusesource/jansi/jansi/1.4/jansi-1.4.pom
		tried http://repo1.maven.org/maven2/org/fusesource/jansi/jansi/1.4/jansi-1.4.pom
	Maven Central: found md file for org.fusesource.jansi#jansi;1.4
		=> http://repo1.maven.org/maven2/org/fusesource/jansi/jansi/1.4/jansi-1.4.pom (1.4)
	parser = pom parser
	no ivy file in cache for org.fusesource.jansi#jansi;1.4: tried /Users/uli/.ivy2/cache/org.fusesource.jansi/jansi/ivy-1.4.xml
downloading http://repo1.maven.org/maven2/org/fusesource/jansi/jansi/1.4/jansi-1.4.pom ...
	Maven Central: downloading http://repo1.maven.org/maven2/org/fusesource/jansi/jansi/1.4/jansi-1.4.pom
		to /Users/uli/.ivy2/cache/org.fusesource.jansi/jansi/ivy-1.4.xml.original.part
sha1 file found for http://repo1.maven.org/maven2/org/fusesource/jansi/jansi/1.4/jansi-1.4.pom: checking...
	Maven Central: downloading http://repo1.maven.org/maven2/org/fusesource/jansi/jansi/1.4/jansi-1.4.pom.sha1
		to /var/folders/26/v0whh64c8xj0xh0059_zmnpr0000gr/T/ivytmp7601399006148036100sha1
sha1 OK for http://repo1.maven.org/maven2/org/fusesource/jansi/jansi/1.4/jansi-1.4.pom
	[SUCCESSFUL ] org.fusesource.jansi#jansi;1.4!jansi.pom(pom.original) (1116ms)
	 trying /Users/uli/.ivy2/local/org.fusesource.jansi/jansi/1.4/jars/jansi.jar
		tried /Users/uli/.ivy2/local/org.fusesource.jansi/jansi/1.4/jars/jansi.jar
	local: resource not reachable for org.fusesource.jansi#jansi;1.4: res=/Users/uli/.ivy2/local/org.fusesource.jansi/jansi/1.4/jars/jansi.jar
	 trying file:///Users/uli/.m2/repository/org/fusesource/jansi/jansi/1.4/jansi-1.4.jar
		tried file:///Users/uli/.m2/repository/org/fusesource/jansi/jansi/1.4/jansi-1.4.jar
	Maven2 Local: resource not reachable for org/fusesource/jansi#jansi;1.4: res=file:/Users/uli/.m2/repository/org/fusesource/jansi/jansi/1.4/jansi-1.4.jar
	 trying http://repo.typesafe.com/typesafe/ivy-releases/org.fusesource.jansi/jansi/1.4/jars/jansi.jar
		tried http://repo.typesafe.com/typesafe/ivy-releases/org.fusesource.jansi/jansi/1.4/jars/jansi.jar
	typesafe-ivy-releases: resource not reachable for org.fusesource.jansi#jansi;1.4: res=http://repo.typesafe.com/typesafe/ivy-releases/org.fusesource.jansi/jansi/1.4/jars/jansi.jar
	 trying http://repo1.maven.org/maven2/org/fusesource/jansi/jansi/1.4/jansi-1.4.jar
		tried http://repo1.maven.org/maven2/org/fusesource/jansi/jansi/1.4/jansi-1.4.jar
no source artifact found for org.fusesource.jansi#jansi;1.4
no javadoc artifact found for org.fusesource.jansi#jansi;1.4
	default-cache: parsed downloaded md file for org.fusesource.jansi#jansi;1.4; parsed=org.fusesource.jansi#jansi;1.4
	checking org.fusesource.jansi#jansi;1.4 from Maven Central against [none]
	module revision kept as first found: org.fusesource.jansi#jansi;1.4 from Maven Central
	found org.fusesource.jansi#jansi;1.4 in Maven Central
== resolving dependencies org.scala-lang#jline;2.9.1->org.fusesource.jansi#jansi;1.4 [compile->compile(*)]
loadData of org.fusesource.jansi#jansi;1.4 of rootConf=default
== resolving dependencies org.scala-tools.sbt#boot-scala;1.0->org.scala-lang#scala-library;2.9.1 [default->default]
loadData of org.scala-lang#scala-library;2.9.1 of rootConf=default
default is loaded and no conf to load.  Skip loading
== resolving dependencies org.scala-tools.sbt#boot-scala;1.0->org.scala-lang#scala-library;2.9.1 [default->runtime]
loadData of org.scala-lang#scala-library;2.9.1 of rootConf=default
default is loaded and no conf to load.  Skip loading
== resolving dependencies org.scala-tools.sbt#boot-scala;1.0->org.scala-lang#scala-library;2.9.1 [default->compile]
loadData of org.scala-lang#scala-library;2.9.1 of rootConf=default
default is loaded and no conf to load.  Skip loading
== resolving dependencies org.scala-tools.sbt#boot-scala;1.0->org.scala-lang#scala-library;2.9.1 [default->master]
loadData of org.scala-lang#scala-library;2.9.1 of rootConf=default
default is loaded and no conf to load.  Skip loading
Nbr of module to sort : 4
Sort dependencies of : org.scala-lang#scala-compiler;2.9.1 / Number of dependencies = 2
Sort dependencies of : org.scala-lang#scala-library;2.9.1 / Number of dependencies = 0
Sort done for : org.scala-lang#scala-library;2.9.1
Sort dependencies of : org.scala-lang#jline;2.9.1 / Number of dependencies = 1
Sort dependencies of : org.fusesource.jansi#jansi;1.4 / Number of dependencies = 1
Sort done for : org.fusesource.jansi#jansi;1.4
Sort done for : org.scala-lang#jline;2.9.1
Sort done for : org.scala-lang#scala-compiler;2.9.1
Module descriptor is processed : org.scala-lang#scala-library;2.9.1
Module descriptor is processed : org.scala-lang#jline;2.9.1
Module descriptor is processed : org.fusesource.jansi#jansi;1.4
	resolved ivy file produced in /Users/uli/.ivy2/cache/resolved-org.scala-tools.sbt-boot-scala-1.0.xml
:: downloading artifacts ::
	 trying http://repo1.maven.org/maven2/org/scala-lang/scala-compiler/2.9.1/scala-compiler-2.9.1.jar
		tried http://repo1.maven.org/maven2/org/scala-lang/scala-compiler/2.9.1/scala-compiler-2.9.1.jar
downloading http://repo1.maven.org/maven2/org/scala-lang/scala-compiler/2.9.1/scala-compiler-2.9.1.jar ...
	Maven Central: downloading http://repo1.maven.org/maven2/org/scala-lang/scala-compiler/2.9.1/scala-compiler-2.9.1.jar
		to /Users/uli/.ivy2/cache/org.scala-lang/scala-compiler/jars/scala-compiler-2.9.1.jar.part
sha1 file found for http://repo1.maven.org/maven2/org/scala-lang/scala-compiler/2.9.1/scala-compiler-2.9.1.jar: checking...
	Maven Central: downloading http://repo1.maven.org/maven2/org/scala-lang/scala-compiler/2.9.1/scala-compiler-2.9.1.jar.sha1
		to /var/folders/26/v0whh64c8xj0xh0059_zmnpr0000gr/T/ivytmp1390446482319057121sha1
sha1 OK for http://repo1.maven.org/maven2/org/scala-lang/scala-compiler/2.9.1/scala-compiler-2.9.1.jar
	[SUCCESSFUL ] org.scala-lang#scala-compiler;2.9.1!scala-compiler.jar (10952ms)
	 trying http://repo1.maven.org/maven2/org/scala-lang/scala-library/2.9.1/scala-library-2.9.1.jar
		tried http://repo1.maven.org/maven2/org/scala-lang/scala-library/2.9.1/scala-library-2.9.1.jar
downloading http://repo1.maven.org/maven2/org/scala-lang/scala-library/2.9.1/scala-library-2.9.1.jar ...
	Maven Central: downloading http://repo1.maven.org/maven2/org/scala-lang/scala-library/2.9.1/scala-library-2.9.1.jar
		to /Users/uli/.ivy2/cache/org.scala-lang/scala-library/jars/scala-library-2.9.1.jar.part
sha1 file found for http://repo1.maven.org/maven2/org/scala-lang/scala-library/2.9.1/scala-library-2.9.1.jar: checking...
	Maven Central: downloading http://repo1.maven.org/maven2/org/scala-lang/scala-library/2.9.1/scala-library-2.9.1.jar.sha1
		to /var/folders/26/v0whh64c8xj0xh0059_zmnpr0000gr/T/ivytmp2860358082832026938sha1
sha1 OK for http://repo1.maven.org/maven2/org/scala-lang/scala-library/2.9.1/scala-library-2.9.1.jar
	[SUCCESSFUL ] org.scala-lang#scala-library;2.9.1!scala-library.jar (7549ms)
	 trying http://repo1.maven.org/maven2/org/scala-lang/jline/2.9.1/jline-2.9.1.jar
		tried http://repo1.maven.org/maven2/org/scala-lang/jline/2.9.1/jline-2.9.1.jar
downloading http://repo1.maven.org/maven2/org/scala-lang/jline/2.9.1/jline-2.9.1.jar ...
	Maven Central: downloading http://repo1.maven.org/maven2/org/scala-lang/jline/2.9.1/jline-2.9.1.jar
		to /Users/uli/.ivy2/cache/org.scala-lang/jline/jars/jline-2.9.1.jar.part
sha1 file found for http://repo1.maven.org/maven2/org/scala-lang/jline/2.9.1/jline-2.9.1.jar: checking...
	Maven Central: downloading http://repo1.maven.org/maven2/org/scala-lang/jline/2.9.1/jline-2.9.1.jar.sha1
		to /var/folders/26/v0whh64c8xj0xh0059_zmnpr0000gr/T/ivytmp2549381425541857035sha1
sha1 OK for http://repo1.maven.org/maven2/org/scala-lang/jline/2.9.1/jline-2.9.1.jar
	[SUCCESSFUL ] org.scala-lang#jline;2.9.1!jline.jar (943ms)
	 trying http://repo1.maven.org/maven2/org/fusesource/jansi/jansi/1.4/jansi-1.4.jar
		tried http://repo1.maven.org/maven2/org/fusesource/jansi/jansi/1.4/jansi-1.4.jar
downloading http://repo1.maven.org/maven2/org/fusesource/jansi/jansi/1.4/jansi-1.4.jar ...
	Maven Central: downloading http://repo1.maven.org/maven2/org/fusesource/jansi/jansi/1.4/jansi-1.4.jar
		to /Users/uli/.ivy2/cache/org.fusesource.jansi/jansi/jars/jansi-1.4.jar.part
sha1 file found for http://repo1.maven.org/maven2/org/fusesource/jansi/jansi/1.4/jansi-1.4.jar: checking...
	Maven Central: downloading http://repo1.maven.org/maven2/org/fusesource/jansi/jansi/1.4/jansi-1.4.jar.sha1
		to /var/folders/26/v0whh64c8xj0xh0059_zmnpr0000gr/T/ivytmp5144165330144403603sha1
sha1 OK for http://repo1.maven.org/maven2/org/fusesource/jansi/jansi/1.4/jansi-1.4.jar
	[SUCCESSFUL ] org.fusesource.jansi#jansi;1.4!jansi.jar (1029ms)
:: resolution report :: resolve 6319ms :: artifacts dl 20484ms
Nbr of module to sort : 4
Sort dependencies of : org.scala-lang#scala-compiler;2.9.1 / Number of dependencies = 2
Sort dependencies of : org.scala-lang#scala-library;2.9.1 / Number of dependencies = 0
Sort done for : org.scala-lang#scala-library;2.9.1
Sort dependencies of : org.scala-lang#jline;2.9.1 / Number of dependencies = 1
Sort dependencies of : org.fusesource.jansi#jansi;1.4 / Number of dependencies = 1
Sort done for : org.fusesource.jansi#jansi;1.4
Sort done for : org.scala-lang#jline;2.9.1
Sort done for : org.scala-lang#scala-compiler;2.9.1
Module descriptor is processed : org.scala-lang#scala-library;2.9.1
Module descriptor is processed : org.scala-lang#jline;2.9.1
Module descriptor is processed : org.fusesource.jansi#jansi;1.4
	report for org.scala-tools.sbt#boot-scala;1.0 default produced in /Users/uli/.ivy2/cache/org.scala-tools.sbt-boot-scala-default.xml
	resolve done (6319ms resolve - 20484ms download)
:: retrieving :: org.scala-tools.sbt#boot-scala
	checkUpToDate=true
no explicit confs given for retrieve, using ivy file: /Users/uli/.ivy2/cache/resolved-org.scala-tools.sbt-boot-scala-1.0.xml
using ivy parser to parse /Users/uli/.ivy2/cache/resolved-org.scala-tools.sbt-boot-scala-1.0.xml
post 1.3 ivy file: using exact as default matcher
	confs: [default]
	retrieving /Users/uli/.ivy2/cache/org.fusesource.jansi/jansi/jars/jansi-1.4.jar
		to /Users/uli/Desktop/NumberGuesser/project/boot/scala-2.9.1/lib/jansi.jar
	retrieving /Users/uli/.ivy2/cache/org.scala-lang/scala-library/jars/scala-library-2.9.1.jar
		to /Users/uli/Desktop/NumberGuesser/project/boot/scala-2.9.1/lib/scala-library.jar
	retrieving /Users/uli/.ivy2/cache/org.scala-lang/scala-compiler/jars/scala-compiler-2.9.1.jar
		to /Users/uli/Desktop/NumberGuesser/project/boot/scala-2.9.1/lib/scala-compiler.jar
	retrieving /Users/uli/.ivy2/cache/org.scala-lang/jline/jars/jline-2.9.1.jar
		to /Users/uli/Desktop/NumberGuesser/project/boot/scala-2.9.1/lib/jline.jar
	4 artifacts copied, 0 already retrieved (19939kB/41ms)
	retrieve done (41ms)
